0 info it worked if it ends with ok
1 verbose cli [ '/usr/local/bin/node',
1 verbose cli   '/home/vinside/.npm-global/bin/npm',
1 verbose cli   'run',
1 verbose cli   'build',
1 verbose cli   'index.js' ]
2 info using npm@3.9.6
3 info using node@v6.2.1
4 verbose run-script [ 'prebuild', 'build', 'postbuild' ]
5 info lifecycle starwars-names-u@0.0.0-semantically-released~prebuild: starwars-names-u@0.0.0-semantically-released
6 verbose lifecycle starwars-names-u@0.0.0-semantically-released~prebuild: unsafe-perm in lifecycle true
7 verbose lifecycle starwars-names-u@0.0.0-semantically-released~prebuild: PATH: /home/vinside/.npm-global/lib/node_modules/npm/bin/node-gyp-bin:/home/vinside/aFrontEndCourse/02lesson/starwars-names/node_modules/.bin:/usr/local/bin:/home/vinside/.npm-global/bin:/usr/local/sbin:/usr/local/bin:/usr/sbin:/usr/bin:/sbin:/bin:/usr/games:/usr/local/games
8 verbose lifecycle starwars-names-u@0.0.0-semantically-released~prebuild: CWD: /home/vinside/aFrontEndCourse/02lesson/starwars-names
9 silly lifecycle starwars-names-u@0.0.0-semantically-released~prebuild: Args: [ '-c', 'rm -rf dist && mkdir dist' ]
10 silly lifecycle starwars-names-u@0.0.0-semantically-released~prebuild: Returned: code: 0  signal: null
11 info lifecycle starwars-names-u@0.0.0-semantically-released~build: starwars-names-u@0.0.0-semantically-released
12 verbose lifecycle starwars-names-u@0.0.0-semantically-released~build: unsafe-perm in lifecycle true
13 verbose lifecycle starwars-names-u@0.0.0-semantically-released~build: PATH: /home/vinside/.npm-global/lib/node_modules/npm/bin/node-gyp-bin:/home/vinside/aFrontEndCourse/02lesson/starwars-names/node_modules/.bin:/usr/local/bin:/home/vinside/.npm-global/bin:/usr/local/sbin:/usr/local/bin:/usr/sbin:/usr/bin:/sbin:/bin:/usr/games:/usr/local/games
14 verbose lifecycle starwars-names-u@0.0.0-semantically-released~build: CWD: /home/vinside/aFrontEndCourse/02lesson/starwars-names
15 silly lifecycle starwars-names-u@0.0.0-semantically-released~build: Args: [ '-c', 'babel src/index.js -o dist/index.js "index.js"' ]
16 silly lifecycle starwars-names-u@0.0.0-semantically-released~build: Returned: code: 2  signal: null
17 info lifecycle starwars-names-u@0.0.0-semantically-released~build: Failed to exec build script
18 verbose stack Error: starwars-names-u@0.0.0-semantically-released build: `babel src/index.js -o dist/index.js "index.js"`
18 verbose stack Exit status 2
18 verbose stack     at EventEmitter.<anonymous> (/home/vinside/.npm-global/lib/node_modules/npm/lib/utils/lifecycle.js:245:16)
18 verbose stack     at emitTwo (events.js:106:13)
18 verbose stack     at EventEmitter.emit (events.js:191:7)
18 verbose stack     at ChildProcess.<anonymous> (/home/vinside/.npm-global/lib/node_modules/npm/lib/utils/spawn.js:24:14)
18 verbose stack     at emitTwo (events.js:106:13)
18 verbose stack     at ChildProcess.emit (events.js:191:7)
18 verbose stack     at maybeClose (internal/child_process.js:852:16)
18 verbose stack     at Process.ChildProcess._handle.onexit (internal/child_process.js:215:5)
19 verbose pkgid starwars-names-u@0.0.0-semantically-released
20 verbose cwd /home/vinside/aFrontEndCourse/02lesson/starwars-names/src
21 error Linux 3.19.0-32-generic
22 error argv "/usr/local/bin/node" "/home/vinside/.npm-global/bin/npm" "run" "build" "index.js"
23 error node v6.2.1
24 error npm  v3.9.6
25 error code ELIFECYCLE
26 error starwars-names-u@0.0.0-semantically-released build: `babel src/index.js -o dist/index.js "index.js"`
26 error Exit status 2
27 error Failed at the starwars-names-u@0.0.0-semantically-released build script 'babel src/index.js -o dist/index.js "index.js"'.
27 error Make sure you have the latest version of node.js and npm installed.
27 error If you do, this is most likely a problem with the starwars-names-u package,
27 error not with npm itself.
27 error Tell the author that this fails on your system:
27 error     babel src/index.js -o dist/index.js "index.js"
27 error You can get information on how to open an issue for this project with:
27 error     npm bugs starwars-names-u
27 error Or if that isn't available, you can get their info via:
27 error     npm owner ls starwars-names-u
27 error There is likely additional logging output above.
28 verbose exit [ 1, true ]
